0 info it worked if it ends with ok
1 verbose cli [ '/usr/local/Cellar/node/5.10.1/bin/node',
1 verbose cli   '/usr/local/bin/npm',
1 verbose cli   'install',
1 verbose cli   '--save',
1 verbose cli   'github:miniMAC/magic' ]
2 info using npm@3.8.3
3 info using node@v5.10.1
4 silly loadCurrentTree Starting
5 silly install loadCurrentTree
6 silly install readLocalPackageData
7 silly fetchPackageMetaData github:miniMAC/magic
8 silly fetchOtherPackageData github:miniMAC/magic
9 silly cache add args [ 'github:miniMAC/magic', null ]
10 verbose cache add spec github:miniMAC/magic
11 silly cache add parsed spec Result {
11 silly cache add   raw: 'github:miniMAC/magic',
11 silly cache add   scope: null,
11 silly cache add   name: null,
11 silly cache add   rawSpec: 'github:miniMAC/magic',
11 silly cache add   spec: 'github:minimac/magic',
11 silly cache add   type: 'hosted',
11 silly cache add   hosted:
11 silly cache add    { type: 'github',
11 silly cache add      ssh: 'git@github.com:minimac/magic.git',
11 silly cache add      sshUrl: 'git+ssh://git@github.com/minimac/magic.git',
11 silly cache add      httpsUrl: 'git+https://github.com/minimac/magic.git',
11 silly cache add      gitUrl: 'git://github.com/minimac/magic.git',
11 silly cache add      shortcut: 'github:minimac/magic',
11 silly cache add      directUrl: 'https://raw.githubusercontent.com/minimac/magic/master/package.json' } }
12 verbose addRemoteGit caching github:miniMAC/magic
13 verbose addRemoteGit minimac/magic is a repository hosted by github
14 silly tryGitProto attempting to clone git://github.com/minimac/magic.git
15 silly tryClone cloning minimac/magic via git://github.com/minimac/magic.git
16 verbose tryClone git-github-com-minimac-magic-git-d2d238b0 not in flight; caching
17 verbose correctMkdir /Users/Scarecrow/.npm/_git-remotes correctMkdir not in flight; initializing
18 info git [ 'clone',
18 info git   '--template=/Users/Scarecrow/.npm/_git-remotes/_templates',
18 info git   '--mirror',
18 info git   'git://github.com/minimac/magic.git',
18 info git   '/Users/Scarecrow/.npm/_git-remotes/git-github-com-minimac-magic-git-d2d238b0' ]
19 verbose mirrorRemote minimac/magic git clone git://github.com/minimac/magic.git
20 verbose correctMkdir /Users/Scarecrow/.npm/_git-remotes correctMkdir not in flight; initializing
21 verbose setPermissions minimac/magic set permissions on /Users/Scarecrow/.npm/_git-remotes/git-github-com-minimac-magic-git-d2d238b0
22 verbose resolveHead minimac/magic original treeish: master
23 info git [ 'rev-list', '-n1', 'master' ]
24 silly resolveHead minimac/magic resolved treeish: ad737a357c477aa267c64dfb3743126e1524f5d3
25 verbose resolveHead minimac/magic resolved Git URL: git://github.com/minimac/magic.git#ad737a357c477aa267c64dfb3743126e1524f5d3
26 silly resolveHead Git working directory: /var/folders/6h/p_1fxnc14w14t2c00d46kmsc0000gq/T/npm-21556-8d60bab5/git-cache-2f10e155/ad737a357c477aa267c64dfb3743126e1524f5d3
27 info git [ 'clone',
27 info git   '/Users/Scarecrow/.npm/_git-remotes/git-github-com-minimac-magic-git-d2d238b0',
27 info git   '/var/folders/6h/p_1fxnc14w14t2c00d46kmsc0000gq/T/npm-21556-8d60bab5/git-cache-2f10e155/ad737a357c477aa267c64dfb3743126e1524f5d3' ]
28 verbose cloneResolved minimac/magic clone Cloning into '/var/folders/6h/p_1fxnc14w14t2c00d46kmsc0000gq/T/npm-21556-8d60bab5/git-cache-2f10e155/ad737a357c477aa267c64dfb3743126e1524f5d3'...
28 verbose cloneResolved done.
29 info git [ 'checkout', 'ad737a357c477aa267c64dfb3743126e1524f5d3' ]
30 verbose checkoutTreeish minimac/magic checkout Note: checking out 'ad737a357c477aa267c64dfb3743126e1524f5d3'.
30 verbose checkoutTreeish
30 verbose checkoutTreeish You are in 'detached HEAD' state. You can look around, make experimental
30 verbose checkoutTreeish changes and commit them, and you can discard any commits you make in this
30 verbose checkoutTreeish state without impacting any branches by performing another checkout.
30 verbose checkoutTreeish
30 verbose checkoutTreeish If you want to create a new branch to retain commits you create, you may
30 verbose checkoutTreeish do so (now or later) by using -b with the checkout command again. Example:
30 verbose checkoutTreeish
30 verbose checkoutTreeish   git checkout -b <new-branch-name>
30 verbose checkoutTreeish
30 verbose checkoutTreeish HEAD is now at ad737a3... Update README.md
31 info git [ 'submodule', '-q', 'update', '--init', '--recursive' ]
32 verbose updateSubmodules minimac/magic submodule update
33 error addLocal Could not install /var/folders/6h/p_1fxnc14w14t2c00d46kmsc0000gq/T/npm-21556-8d60bab5/git-cache-2f10e155/ad737a357c477aa267c64dfb3743126e1524f5d3
34 silly tryHTTPS attempting to clone git+https://github.com/minimac/magic.git
35 silly tryClone cloning minimac/magic via git+https://github.com/minimac/magic.git
36 verbose tryClone git-https-github-com-minimac-magic-git-4d2a3652 not in flight; caching
37 verbose correctMkdir /Users/Scarecrow/.npm/_git-remotes correctMkdir not in flight; initializing
38 info git [ 'clone',
38 info git   '--template=/Users/Scarecrow/.npm/_git-remotes/_templates',
38 info git   '--mirror',
38 info git   'https://github.com/minimac/magic.git',
38 info git   '/Users/Scarecrow/.npm/_git-remotes/git-https-github-com-minimac-magic-git-4d2a3652' ]
39 verbose mirrorRemote minimac/magic git clone https://github.com/minimac/magic.git
40 verbose correctMkdir /Users/Scarecrow/.npm/_git-remotes correctMkdir not in flight; initializing
41 verbose setPermissions minimac/magic set permissions on /Users/Scarecrow/.npm/_git-remotes/git-https-github-com-minimac-magic-git-4d2a3652
42 verbose resolveHead minimac/magic original treeish: master
43 info git [ 'rev-list', '-n1', 'master' ]
44 silly resolveHead minimac/magic resolved treeish: ad737a357c477aa267c64dfb3743126e1524f5d3
45 verbose resolveHead minimac/magic resolved Git URL: git+https://github.com/minimac/magic.git#ad737a357c477aa267c64dfb3743126e1524f5d3
46 silly resolveHead Git working directory: /var/folders/6h/p_1fxnc14w14t2c00d46kmsc0000gq/T/npm-21556-8d60bab5/git-cache-c98eaafd/ad737a357c477aa267c64dfb3743126e1524f5d3
47 info git [ 'clone',
47 info git   '/Users/Scarecrow/.npm/_git-remotes/git-https-github-com-minimac-magic-git-4d2a3652',
47 info git   '/var/folders/6h/p_1fxnc14w14t2c00d46kmsc0000gq/T/npm-21556-8d60bab5/git-cache-c98eaafd/ad737a357c477aa267c64dfb3743126e1524f5d3' ]
48 verbose cloneResolved minimac/magic clone Cloning into '/var/folders/6h/p_1fxnc14w14t2c00d46kmsc0000gq/T/npm-21556-8d60bab5/git-cache-c98eaafd/ad737a357c477aa267c64dfb3743126e1524f5d3'...
48 verbose cloneResolved done.
49 info git [ 'checkout', 'ad737a357c477aa267c64dfb3743126e1524f5d3' ]
50 verbose checkoutTreeish minimac/magic checkout Note: checking out 'ad737a357c477aa267c64dfb3743126e1524f5d3'.
50 verbose checkoutTreeish
50 verbose checkoutTreeish You are in 'detached HEAD' state. You can look around, make experimental
50 verbose checkoutTreeish changes and commit them, and you can discard any commits you make in this
50 verbose checkoutTreeish state without impacting any branches by performing another checkout.
50 verbose checkoutTreeish
50 verbose checkoutTreeish If you want to create a new branch to retain commits you create, you may
50 verbose checkoutTreeish do so (now or later) by using -b with the checkout command again. Example:
50 verbose checkoutTreeish
50 verbose checkoutTreeish   git checkout -b <new-branch-name>
50 verbose checkoutTreeish
50 verbose checkoutTreeish HEAD is now at ad737a3... Update README.md
51 info git [ 'submodule', '-q', 'update', '--init', '--recursive' ]
52 verbose updateSubmodules minimac/magic submodule update
53 error addLocal Could not install /var/folders/6h/p_1fxnc14w14t2c00d46kmsc0000gq/T/npm-21556-8d60bab5/git-cache-c98eaafd/ad737a357c477aa267c64dfb3743126e1524f5d3
54 silly trySSH attempting to clone git@github.com:minimac/magic.git
55 silly tryClone cloning minimac/magic via git@github.com:minimac/magic.git
56 verbose tryClone git-github-com-minimac-magic-git-811db45d not in flight; caching
57 verbose correctMkdir /Users/Scarecrow/.npm/_git-remotes correctMkdir not in flight; initializing
58 info git [ 'clone',
58 info git   '--template=/Users/Scarecrow/.npm/_git-remotes/_templates',
58 info git   '--mirror',
58 info git   'git@github.com:minimac/magic.git',
58 info git   '/Users/Scarecrow/.npm/_git-remotes/git-github-com-minimac-magic-git-811db45d' ]
59 error git clone --template=/Users/Scarecrow/.npm/_git-remotes/_templates --mirror git@github.com:minimac/magic.git /Users/Scarecrow/.npm/_git-remotes/git-github-com-minimac-magic-git-811db45d: Cloning into bare repository '/Users/Scarecrow/.npm/_git-remotes/git-github-com-minimac-magic-git-811db45d'...
59 error git clone --template=/Users/Scarecrow/.npm/_git-remotes/_templates --mirror git@github.com:minimac/magic.git /Users/Scarecrow/.npm/_git-remotes/git-github-com-minimac-magic-git-811db45d: Warning: Permanently added the RSA host key for IP address '192.30.252.122' to the list of known hosts.
59 error git clone --template=/Users/Scarecrow/.npm/_git-remotes/_templates --mirror git@github.com:minimac/magic.git /Users/Scarecrow/.npm/_git-remotes/git-github-com-minimac-magic-git-811db45d: Permission denied (publickey).
59 error git clone --template=/Users/Scarecrow/.npm/_git-remotes/_templates --mirror git@github.com:minimac/magic.git /Users/Scarecrow/.npm/_git-remotes/git-github-com-minimac-magic-git-811db45d: fatal: Could not read from remote repository.
59 error git clone --template=/Users/Scarecrow/.npm/_git-remotes/_templates --mirror git@github.com:minimac/magic.git /Users/Scarecrow/.npm/_git-remotes/git-github-com-minimac-magic-git-811db45d:
59 error git clone --template=/Users/Scarecrow/.npm/_git-remotes/_templates --mirror git@github.com:minimac/magic.git /Users/Scarecrow/.npm/_git-remotes/git-github-com-minimac-magic-git-811db45d: Please make sure you have the correct access rights
59 error git clone --template=/Users/Scarecrow/.npm/_git-remotes/_templates --mirror git@github.com:minimac/magic.git /Users/Scarecrow/.npm/_git-remotes/git-github-com-minimac-magic-git-811db45d: and the repository exists.
60 silly fetchPackageMetaData Error: Command failed: git clone --template=/Users/Scarecrow/.npm/_git-remotes/_templates --mirror git@github.com:minimac/magic.git /Users/Scarecrow/.npm/_git-remotes/git-github-com-minimac-magic-git-811db45d
60 silly fetchPackageMetaData Cloning into bare repository '/Users/Scarecrow/.npm/_git-remotes/git-github-com-minimac-magic-git-811db45d'...
60 silly fetchPackageMetaData Warning: Permanently added the RSA host key for IP address '192.30.252.122' to the list of known hosts.
60 silly fetchPackageMetaData Permission denied (publickey).
60 silly fetchPackageMetaData fatal: Could not read from remote repository.
60 silly fetchPackageMetaData
60 silly fetchPackageMetaData Please make sure you have the correct access rights
60 silly fetchPackageMetaData and the repository exists.
60 silly fetchPackageMetaData
60 silly fetchPackageMetaData     at ChildProcess.exithandler (child_process.js:202:12)
60 silly fetchPackageMetaData     at emitTwo (events.js:100:13)
60 silly fetchPackageMetaData     at ChildProcess.emit (events.js:185:7)
60 silly fetchPackageMetaData     at maybeClose (internal/child_process.js:850:16)
60 silly fetchPackageMetaData     at Socket.<anonymous> (internal/child_process.js:323:11)
60 silly fetchPackageMetaData     at emitOne (events.js:90:13)
60 silly fetchPackageMetaData     at Socket.emit (events.js:182:7)
60 silly fetchPackageMetaData     at Pipe._onclose (net.js:475:12)
60 silly fetchPackageMetaData  error for github:miniMAC/magic { [Error: Command failed: git clone --template=/Users/Scarecrow/.npm/_git-remotes/_templates --mirror git@github.com:minimac/magic.git /Users/Scarecrow/.npm/_git-remotes/git-github-com-minimac-magic-git-811db45d
60 silly fetchPackageMetaData Cloning into bare repository '/Users/Scarecrow/.npm/_git-remotes/git-github-com-minimac-magic-git-811db45d'...
60 silly fetchPackageMetaData Warning: Permanently added the RSA host key for IP address '192.30.252.122' to the list of known hosts.
60 silly fetchPackageMetaData Permission denied (publickey).
60 silly fetchPackageMetaData fatal: Could not read from remote repository.
60 silly fetchPackageMetaData
60 silly fetchPackageMetaData Please make sure you have the correct access rights
60 silly fetchPackageMetaData and the repository exists.
60 silly fetchPackageMetaData ]
60 silly fetchPackageMetaData   killed: false,
60 silly fetchPackageMetaData   code: 128,
60 silly fetchPackageMetaData   signal: null,
60 silly fetchPackageMetaData   cmd: 'git clone --template=/Users/Scarecrow/.npm/_git-remotes/_templates --mirror git@github.com:minimac/magic.git /Users/Scarecrow/.npm/_git-remotes/git-github-com-minimac-magic-git-811db45d' }
61 silly rollbackFailedOptional Starting
62 silly rollbackFailedOptional Finishing
63 silly runTopLevelLifecycles Starting
64 silly runTopLevelLifecycles Finishing
65 silly install printInstalled
66 verbose stack Error: Command failed: git clone --template=/Users/Scarecrow/.npm/_git-remotes/_templates --mirror git@github.com:minimac/magic.git /Users/Scarecrow/.npm/_git-remotes/git-github-com-minimac-magic-git-811db45d
66 verbose stack Cloning into bare repository '/Users/Scarecrow/.npm/_git-remotes/git-github-com-minimac-magic-git-811db45d'...
66 verbose stack Warning: Permanently added the RSA host key for IP address '192.30.252.122' to the list of known hosts.
66 verbose stack Permission denied (publickey).
66 verbose stack fatal: Could not read from remote repository.
66 verbose stack
66 verbose stack Please make sure you have the correct access rights
66 verbose stack and the repository exists.
66 verbose stack
66 verbose stack     at ChildProcess.exithandler (child_process.js:202:12)
66 verbose stack     at emitTwo (events.js:100:13)
66 verbose stack     at ChildProcess.emit (events.js:185:7)
66 verbose stack     at maybeClose (internal/child_process.js:850:16)
66 verbose stack     at Socket.<anonymous> (internal/child_process.js:323:11)
66 verbose stack     at emitOne (events.js:90:13)
66 verbose stack     at Socket.emit (events.js:182:7)
66 verbose stack     at Pipe._onclose (net.js:475:12)
67 verbose cwd /Users/Scarecrow/Documents/5. Projects/aphrodite
68 error Darwin 14.5.0
69 error argv "/usr/local/Cellar/node/5.10.1/bin/node" "/usr/local/bin/npm" "install" "--save" "github:miniMAC/magic"
70 error node v5.10.1
71 error npm  v3.8.3
72 error code 128
73 error Command failed: git clone --template=/Users/Scarecrow/.npm/_git-remotes/_templates --mirror git@github.com:minimac/magic.git /Users/Scarecrow/.npm/_git-remotes/git-github-com-minimac-magic-git-811db45d
73 error Cloning into bare repository '/Users/Scarecrow/.npm/_git-remotes/git-github-com-minimac-magic-git-811db45d'...
73 error Warning: Permanently added the RSA host key for IP address '192.30.252.122' to the list of known hosts.
73 error Permission denied (publickey).
73 error fatal: Could not read from remote repository.
73 error
73 error Please make sure you have the correct access rights
73 error and the repository exists.
74 error If you need help, you may report this error at:
74 error     <https://github.com/npm/npm/issues>
75 verbose exit [ 1, true ]
